<?xml version="1.0" encoding="UTF-8"?>
<testng-results ignored="0" total="3" passed="2" failed="1" skipped="0">
  <reporter-output>
  </reporter-output>
  <suite started-at="2023-05-15T16:50:34Z" name="Suite" finished-at="2023-05-15T16:51:24Z" duration-ms="50313">
    <groups>
    </groups>
    <test started-at="2023-05-15T16:50:34Z" name="Test" finished-at="2023-05-15T16:51:24Z" duration-ms="50313">
      <class name="allurereports.GoogleTest">
        <test-method is-config="true" signature="setUp()[pri:0, instance:allurereports.GoogleTest@3e84111a]" started-at="2023-05-15T16:50:34Z" name="setUp" finished-at="2023-05-15T16:51:02Z" duration-ms="28097" status="PASS">
          <reporter-output>
          </reporter-output>
        </test-method> <!-- setUp -->
        <test-method signature="getTestTitle()[pri:1, instance:allurereports.GoogleTest@3e84111a]" started-at="2023-05-15T16:51:02Z" name="getTestTitle" finished-at="2023-05-15T16:51:03Z" duration-ms="138" status="PASS">
          <reporter-output>
          </reporter-output>
        </test-method> <!-- getTestTitle -->
        <test-method is-config="true" signature="tearDown()[pri:0, instance:allurereports.GoogleTest@3e84111a]" started-at="2023-05-15T16:51:03Z" name="tearDown" finished-at="2023-05-15T16:51:04Z" duration-ms="956" status="PASS">
          <reporter-output>
          </reporter-output>
        </test-method> <!-- tearDown -->
        <test-method is-config="true" signature="setUp()[pri:0, instance:allurereports.GoogleTest@3e84111a]" started-at="2023-05-15T16:51:04Z" name="setUp" finished-at="2023-05-15T16:51:13Z" duration-ms="9023" status="PASS">
          <reporter-output>
          </reporter-output>
        </test-method> <!-- setUp -->
        <test-method signature="getTestUrl()[pri:2, instance:allurereports.GoogleTest@3e84111a]" started-at="2023-05-15T16:51:13Z" name="getTestUrl" finished-at="2023-05-15T16:51:13Z" duration-ms="21" status="FAIL">
          <exception class="java.lang.AssertionError">
            <message>
              <![CDATA[expected [Google] but found [https://www.google.co.in/]]]>
            </message>
            <full-stacktrace>
              <![CDATA[java.lang.AssertionError: expected [Google] but found [https://www.google.co.in/]
at org.testng.Assert.fail(Assert.java:96)
at org.testng.Assert.failNotEquals(Assert.java:776)
at org.testng.Assert.assertEqualsImpl(Assert.java:137)
at org.testng.Assert.assertEquals(Assert.java:118)
at org.testng.Assert.assertEquals(Assert.java:453)
at org.testng.Assert.assertEquals(Assert.java:463)
at allurereports.GoogleTest.getTestUrl(GoogleTest.java:36)
at java.base/jdk.internal.reflect.NativeMethodAccessorImpl.invoke0(Native Method)
at java.base/jdk.internal.reflect.NativeMethodAccessorImpl.invoke(NativeMethodAccessorImpl.java:62)
at java.base/jdk.internal.reflect.DelegatingMethodAccessorImpl.invoke(DelegatingMethodAccessorImpl.java:43)
at java.base/java.lang.reflect.Method.invoke(Method.java:566)
at org.testng.internal.MethodInvocationHelper.invokeMethod(MethodInvocationHelper.java:124)
at org.testng.internal.Invoker.invokeMethod(Invoker.java:583)
at org.testng.internal.Invoker.invokeTestMethod(Invoker.java:719)
at org.testng.internal.Invoker.invokeTestMethods(Invoker.java:989)
at org.testng.internal.TestMethodWorker.invokeTestMethods(TestMethodWorker.java:125)
at org.testng.internal.TestMethodWorker.run(TestMethodWorker.java:109)
at org.testng.TestRunner.privateRun(TestRunner.java:648)
at org.testng.TestRunner.run(TestRunner.java:505)
at org.testng.SuiteRunner.runTest(SuiteRunner.java:455)
at org.testng.SuiteRunner.runSequentially(SuiteRunner.java:450)
at org.testng.SuiteRunner.privateRun(SuiteRunner.java:415)
at org.testng.SuiteRunner.run(SuiteRunner.java:364)
at org.testng.SuiteRunnerWorker.runSuite(SuiteRunnerWorker.java:52)
at org.testng.SuiteRunnerWorker.run(SuiteRunnerWorker.java:84)
at org.testng.TestNG.runSuitesSequentially(TestNG.java:1208)
at org.testng.TestNG.runSuitesLocally(TestNG.java:1137)
at org.testng.TestNG.runSuites(TestNG.java:1049)
at org.testng.TestNG.run(TestNG.java:1017)
at org.apache.maven.surefire.testng.TestNGExecutor.run(TestNGExecutor.java:283)
at org.apache.maven.surefire.testng.TestNGXmlTestSuite.execute(TestNGXmlTestSuite.java:75)
at org.apache.maven.surefire.testng.TestNGProvider.invoke(TestNGProvider.java:120)
at org.apache.maven.surefire.booter.ForkedBooter.invokeProviderInSameClassLoader(ForkedBooter.java:384)
at org.apache.maven.surefire.booter.ForkedBooter.runSuitesInProcess(ForkedBooter.java:345)
at org.apache.maven.surefire.booter.ForkedBooter.execute(ForkedBooter.java:126)
at org.apache.maven.surefire.booter.ForkedBooter.main(ForkedBooter.java:418)
]]>
            </full-stacktrace>
          </exception> <!-- java.lang.AssertionError -->
          <reporter-output>
          </reporter-output>
        </test-method> <!-- getTestUrl -->
        <test-method is-config="true" signature="tearDown()[pri:0, instance:allurereports.GoogleTest@3e84111a]" started-at="2023-05-15T16:51:13Z" name="tearDown" finished-at="2023-05-15T16:51:14Z" duration-ms="557" status="PASS">
          <reporter-output>
          </reporter-output>
        </test-method> <!-- tearDown -->
        <test-method is-config="true" signature="setUp()[pri:0, instance:allurereports.GoogleTest@3e84111a]" started-at="2023-05-15T16:51:14Z" name="setUp" finished-at="2023-05-15T16:51:23Z" duration-ms="8794" status="PASS">
          <reporter-output>
          </reporter-output>
        </test-method> <!-- setUp -->
        <test-method signature="getTestSrc()[pri:3, instance:allurereports.GoogleTest@3e84111a]" started-at="2023-05-15T16:51:23Z" name="getTestSrc" finished-at="2023-05-15T16:51:23Z" duration-ms="349" status="PASS">
          <reporter-output>
          </reporter-output>
        </test-method> <!-- getTestSrc -->
        <test-method is-config="true" signature="tearDown()[pri:0, instance:allurereports.GoogleTest@3e84111a]" started-at="2023-05-15T16:51:23Z" name="tearDown" finished-at="2023-05-15T16:51:24Z" duration-ms="1252" status="PASS">
          <reporter-output>
          </reporter-output>
        </test-method> <!-- tearDown -->
      </class> <!-- allurereports.GoogleTest -->
    </test> <!-- Test -->
  </suite> <!-- Suite -->
</testng-results>
